# JRE version: Java(TM) SE Runtime Environment (9.0+11) (build 9.0.4+11)
# Java VM: Java HotSpot(TM) 64-Bit Server VM (9.0.4+11, mixed mode, tiered, compressed oops, g1 gc, windows-amd64)
Heap:
 garbage-first heap   total 446464K, used 182957K [0x0000000700000000, 0x0000000700100da0, 0x00000007c0000000)
  region size 1024K, 15 young (15360K), 3 survivors (3072K)
 Metaspace       used 102253K, capacity 106621K, committed 106748K, reserved 1140736K
  class space    used 14286K, capacity 15099K, committed 15100K, reserved 1048576K
GC Heap History (10 events):
Event: 12929.035 GC heap before
{Heap before GC invocations=511 (full 44):
 garbage-first heap   total 446464K, used 229795K [0x0000000700000000, 0x0000000700100da0, 0x00000007c0000000)
  region size 1024K, 60 young (61440K), 2 survivors (2048K)
 Metaspace       used 102242K, capacity 106621K, committed 106748K, reserved 1140736K
  class space    used 14285K, capacity 15099K, committed 15100K, reserved 1048576K
}
Event: 12929.038 GC heap after
{Heap after GC invocations=512 (full 44):
 garbage-first heap   total 446464K, used 170592K [0x0000000700000000, 0x0000000700100da0, 0x00000007c0000000)
  region size 1024K, 2 young (2048K), 2 survivors (2048K)
 Metaspace       used 102242K, capacity 106621K, committed 106748K, reserved 1140736K
  class space    used 14285K, capacity 15099K, committed 15100K, reserved 1048576K
}
Event: 12929.326 GC heap before
{Heap before GC invocations=512 (full 44):
 garbage-first heap   total 446464K, used 229984K [0x0000000700000000, 0x0000000700100da0, 0x00000007c0000000)
  region size 1024K, 60 young (61440K), 2 survivors (2048K)
 Metaspace       used 102242K, capacity 106621K, committed 106748K, reserved 1140736K
  class space    used 14285K, capacity 15099K, committed 15100K, reserved 1048576K
}
Event: 12929.333 GC heap after
{Heap after GC invocations=513 (full 44):
 garbage-first heap   total 446464K, used 170425K [0x0000000700000000, 0x0000000700100da0, 0x00000007c0000000)
  region size 1024K, 2 young (2048K), 2 survivors (2048K)
 Metaspace       used 102242K, capacity 106621K, committed 106748K, reserved 1140736K
  class space    used 14285K, capacity 15099K, committed 15100K, reserved 1048576K
}
Event: 12935.763 GC heap before
{Heap before GC invocations=513 (full 44):
 garbage-first heap   total 446464K, used 229817K [0x0000000700000000, 0x0000000700100da0, 0x00000007c0000000)
  region size 1024K, 60 young (61440K), 2 survivors (2048K)
 Metaspace       used 102250K, capacity 106621K, committed 106748K, reserved 1140736K
  class space    used 14285K, capacity 15099K, committed 15100K, reserved 1048576K
}
Event: 12935.770 GC heap after
{Heap after GC invocations=514 (full 44):
 garbage-first heap   total 446464K, used 171003K [0x0000000700000000, 0x0000000700100da0, 0x00000007c0000000)
  region size 1024K, 2 young (2048K), 2 survivors (2048K)
 Metaspace       used 102250K, capacity 106621K, committed 106748K, reserved 1140736K
  class space    used 14285K, capacity 15099K, committed 15100K, reserved 1048576K
}
Event: 12948.781 GC heap before
{Heap before GC invocations=514 (full 44):
 garbage-first heap   total 446464K, used 230395K [0x0000000700000000, 0x0000000700100da0, 0x00000007c0000000)
  region size 1024K, 60 young (61440K), 2 survivors (2048K)
 Metaspace       used 102250K, capacity 106621K, committed 106748K, reserved 1140736K
  class space    used 14285K, capacity 15099K, committed 15100K, reserved 1048576K
}
Event: 12948.787 GC heap after
{Heap after GC invocations=515 (full 44):
 garbage-first heap   total 446464K, used 171353K [0x0000000700000000, 0x0000000700100da0, 0x00000007c0000000)
  region size 1024K, 3 young (3072K), 3 survivors (3072K)
 Metaspace       used 102250K, capacity 106621K, committed 106748K, reserved 1140736K
  class space    used 14285K, capacity 15099K, committed 15100K, reserved 1048576K
}
Event: 12960.684 GC heap before
{Heap before GC invocations=515 (full 44):
 garbage-first heap   total 446464K, used 229721K [0x0000000700000000, 0x0000000700100da0, 0x00000007c0000000)
  region size 1024K, 60 young (61440K), 3 survivors (3072K)
 Metaspace       used 102250K, capacity 106621K, committed 106748K, reserved 1140736K
  class space    used 14285K, capacity 15099K, committed 15100K, reserved 1048576K
}
Event: 12960.689 GC heap after
{Heap after GC invocations=516 (full 44):
 garbage-first heap   total 446464K, used 171693K [0x0000000700000000, 0x0000000700100da0, 0x00000007c0000000)
  region size 1024K, 3 young (3072K), 3 survivors (3072K)
 Metaspace       used 102250K, capacity 106621K, committed 106748K, reserved 1140736K
  class space    used 14285K, capacity 15099K, committed 15100K, reserved 1048576K
}

